<?xml version="1.0" encoding="UTF-8" ?>
<testsuite tests="6" failures="0" name="runner.TestRunner" time="0.005" errors="0" skipped="0">
  <properties>
[...]
</properties>
  <testcase classname="Scenario: Mock an rest api endpoint and validate api response" name="Given wiremock server is started and Json reponse is mocked" time="0.003"/>
  <testcase classname="Scenario: Mock an rest api endpoint and validate api response" name="When user send a get request to the URL to get Nace details with order" time="0"/>
  <testcase classname="Scenario: Mock an rest api endpoint and validate api response" name="Then validate the status code" time="0"/>
  <testcase classname="Scenario: Mock an rest api endpoint and validate api response" name="And validate the response include the folloing" time="0"/>
  <testcase classname="Scenario: Mock an rest api endpoint and validate api response" name="And shutdown the wiremock server" time="0"/>
  <testcase classname="Scenario: Mock an rest api endpoint and validate api response" name="Scenario: Mock an rest api endpoint and validate api response" time="0.002"/>
</testsuite>